[+] Containers:
 |- [+] Container: /Game/ThirdPerson/Maps/ThirdPersonMap
 |   |- [+] ActorDescs:
 |   |   |- Guid:02AC6CE34D246667F87DF2A5C38AF092 NativeClass:/Script/Engine.StaticMeshActor Name:StaticMeshActor_UAID_5811223E7FD8D67302_1709083618 Label:Box11 SpatiallyLoaded:true EditorBounds:IsValid=true, Min=(X=1553.962 Y=1192.520 Z=-0.379), Max=(X=1567.763 Y=1222.151 Z=144.025) RuntimeBounds:IsValid=true, Min=(X=1553.962 Y=1192.520 Z=-0.379), Max=(X=1567.763 Y=1222.151 Z=144.025) RuntimeGrid:None EditorOnly:false RuntimeOnly:false HLODRelevant:true ListedInSceneOutliner:true IsMainWorldOnly:false
 |   |   |- Guid:07D5416B470527CBC5E4CABAD7DDA647 NativeClass:/Script/Engine.StaticMeshActor Name:StaticMeshActor_UAID_5811223E7FD8D67302_1618254609 Label:Cylinder3 SpatiallyLoaded:true EditorBounds:IsValid=true, Min=(X=1313.479 Y=1390.000 Z=3.479), Max=(X=1336.521 Y=1391.378 Z=26.521) RuntimeBounds:IsValid=true, Min=(X=1313.479 Y=1390.000 Z=3.479), Max=(X=1336.521 Y=1391.378 Z=26.521) RuntimeGrid:None EditorOnly:false RuntimeOnly:false HLODRelevant:true ListedInSceneOutliner:true IsMainWorldOnly:false
 |   |   |- Guid:12CDB0BE44AA3D39DB7416BFECF93991 NativeClass:/Script/Engine.StaticMeshActor Name:StaticMeshActor_UAID_5811223E7FD8D67302_1703879616 Label:Box9 SpatiallyLoaded:true EditorBounds:IsValid=true, Min=(X=1520.024 Y=1192.520 Z=-0.379), Max=(X=1533.826 Y=1222.151 Z=144.025) RuntimeBounds:IsValid=true, Min=(X=1520.024 Y=1192.520 Z=-0.379), Max=(X=1533.826 Y=1222.151 Z=144.025) RuntimeGrid:None EditorOnly:false RuntimeOnly:false HLODRelevant:true ListedInSceneOutliner:true IsMainWorldOnly:false
 |   |   |- Guid:207D7F384C1588B9CF752699006080FD NativeClass:/Script/Engine.StaticMeshActor Name:StaticMeshActor_UAID_5811223E7FD8D67302_1699862615 Label:Box8 SpatiallyLoaded:true EditorBounds:IsValid=true, Min=(X=1503.099 Y=1192.520 Z=-0.379), Max=(X=1516.901 Y=1222.151 Z=144.025) RuntimeBounds:IsValid=true, Min=(X=1503.099 Y=1192.520 Z=-0.379), Max=(X=1516.901 Y=1222.151 Z=144.025) RuntimeGrid:None EditorOnly:false RuntimeOnly:false HLODRelevant:true ListedInSceneOutliner:true IsMainWorldOnly:false
 |   |   |- Guid:25524E2B4AED78F98B0CF5936642A8CB NativeClass:/Script/Engine.StaticMeshActor Name:StaticMeshActor_UAID_5811223E7FD8D67302_1545146604 Label:Box6 SpatiallyLoaded:true EditorBounds:IsValid=true, Min=(X=1493.049 Y=1310.000 Z=118.215), Max=(X=1496.951 Y=1396.505 Z=121.785) RuntimeBounds:IsValid=true, Min=(X=1493.049 Y=1310.000 Z=118.215), Max=(X=1496.951 Y=1396.505 Z=121.785) RuntimeGrid:None EditorOnly:false RuntimeOnly:false HLODRelevant:true ListedInSceneOutliner:true IsMainWorldOnly:false
 |   |   |- Guid:2FB58999456391D349DC0F86DAC136ED NativeClass:/Script/Engine.SkyLight Name:SkyLight_1 Label:SkyLight SpatiallyLoaded:false EditorBounds:IsValid=true, Min=(X=0.000 Y=0.000 Z=690.000), Max=(X=0.000 Y=0.000 Z=690.000) RuntimeBounds:IsValid=true, Min=(X=0.000 Y=0.000 Z=690.000), Max=(X=0.000 Y=0.000 Z=690.000) RuntimeGrid:None EditorOnly:false RuntimeOnly:false HLODRelevant:false ListedInSceneOutliner:true IsMainWorldOnly:false FolderPath:Lighting FolderGuid:963EC3EB4002CCE9759E2EBA541A873A
 |   |   |- Guid:316CF2A6494ACA4C0E4180A87D36AB8F NativeClass:/Script/Engine.ExponentialHeightFog Name:ExponentialHeightFog_0 Label:ExponentialHeightFog SpatiallyLoaded:false EditorBounds:IsValid=true, Min=(X=-5600.000 Y=-50.000 Z=-6850.000), Max=(X=-5600.000 Y=-50.000 Z=-6850.000) RuntimeBounds:IsValid=true, Min=(X=-5600.000 Y=-50.000 Z=-6850.000), Max=(X=-5600.000 Y=-50.000 Z=-6850.000) RuntimeGrid:None EditorOnly:false RuntimeOnly:false HLODRelevant:false ListedInSceneOutliner:true IsMainWorldOnly:false FolderPath:Lighting FolderGuid:963EC3EB4002CCE9759E2EBA541A873A
 |   |   |- Guid:3A00AA1C422CE54C0BDB60BAF471BFBB NativeClass:/Script/Engine.PlayerStart Name:PlayerStart_0 Label:PlayerStart SpatiallyLoaded:false EditorBounds:IsValid=true, Min=(X=860.000 Y=1070.000 Z=0.013), Max=(X=940.000 Y=1150.000 Z=184.013) RuntimeBounds:IsValid=true, Min=(X=860.000 Y=1070.000 Z=0.013), Max=(X=940.000 Y=1150.000 Z=184.013) RuntimeGrid:None EditorOnly:false RuntimeOnly:false HLODRelevant:false ListedInSceneOutliner:true IsMainWorldOnly:false
 |   |   |- Guid:4D3BE93F4146AAAC8BBE79999D96D57F NativeClass:/Script/Engine.VolumetricCloud Name:VolumetricCloud_0 Label:VolumetricCloud SpatiallyLoaded:false EditorBounds:IsValid=true, Min=(X=0.000 Y=0.000 Z=820.000), Max=(X=0.000 Y=0.000 Z=820.000) RuntimeBounds:IsValid=true, Min=(X=0.000 Y=0.000 Z=820.000), Max=(X=0.000 Y=0.000 Z=820.000) RuntimeGrid:None EditorOnly:false RuntimeOnly:false HLODRelevant:false ListedInSceneOutliner:true IsMainWorldOnly:false FolderPath:Lighting FolderGuid:963EC3EB4002CCE9759E2EBA541A873A
 |   |   |- Guid:679F532840D1A5C779EADE8D52B6E7FE NativeClass:/Script/Engine.StaticMeshActor Name:StaticMeshActor_UAID_5811223E7FD8D67302_1710833619 Label:Box12 SpatiallyLoaded:true EditorBounds:IsValid=true, Min=(X=1572.986 Y=1192.520 Z=-0.379), Max=(X=1586.787 Y=1222.151 Z=144.025) RuntimeBounds:IsValid=true, Min=(X=1572.986 Y=1192.520 Z=-0.379), Max=(X=1586.787 Y=1222.151 Z=144.025) RuntimeGrid:None EditorOnly:false RuntimeOnly:false HLODRelevant:true ListedInSceneOutliner:true IsMainWorldOnly:false
 |   |   |- Guid:68E15B344CAD88AB6BA54E9045580FCE NativeClass:/Script/Engine.StaticMeshActor Name:StaticMeshActor_UAID_5811223E7FD8D57302_2089239423 Label:Box SpatiallyLoaded:true EditorBounds:IsValid=true, Min=(X=900.000 Y=1900.000 Z=0.000), Max=(X=1600.000 Y=2000.000 Z=825.000) RuntimeBounds:IsValid=true, Min=(X=900.000 Y=1900.000 Z=0.000), Max=(X=1600.000 Y=2000.000 Z=825.000) RuntimeGrid:None EditorOnly:false RuntimeOnly:false HLODRelevant:true ListedInSceneOutliner:true IsMainWorldOnly:false
 |   |   |- Guid:6BAF4DDD444C60371492D3919DB42C97 NativeClass:/Script/Engine.WorldDataLayers Name:WorldDataLayers Label:WorldDataLayers SpatiallyLoaded:false EditorBounds:IsValid=true, Min=(X=0.000 Y=0.000 Z=0.000), Max=(X=0.000 Y=0.000 Z=0.000) RuntimeBounds:IsValid=true, Min=(X=0.000 Y=0.000 Z=0.000), Max=(X=0.000 Y=0.000 Z=0.000) RuntimeGrid:None EditorOnly:false RuntimeOnly:false HLODRelevant:false ListedInSceneOutliner:true IsMainWorldOnly:true
 |   |   |- Guid:783B29B14F9561B75B78D285055EAB7F NativeClass:/Script/Engine.StaticMeshActor Name:StaticMeshActor_UAID_5811223E7FD8D57302_2141835424 Label:Box2 SpatiallyLoaded:true EditorBounds:IsValid=true, Min=(X=900.000 Y=1090.000 Z=0.000), Max=(X=1600.000 Y=1190.000 Z=825.000) RuntimeBounds:IsValid=true, Min=(X=900.000 Y=1090.000 Z=0.000), Max=(X=1600.000 Y=1190.000 Z=825.000) RuntimeGrid:None EditorOnly:false RuntimeOnly:false HLODRelevant:true ListedInSceneOutliner:true IsMainWorldOnly:false
 |   |   |- Guid:7ED6111D4D4E1F1B0AEE739B9E681593 NativeClass:/Script/Engine.StaticMeshActor Name:StaticMeshActor_UAID_5811223E7FD8D67302_1385855601 Label:Box3 SpatiallyLoaded:true EditorBounds:IsValid=true, Min=(X=1305.000 Y=1300.000 Z=30.000), Max=(X=1505.000 Y=1400.000 Z=55.000) RuntimeBounds:IsValid=true, Min=(X=1305.000 Y=1300.000 Z=30.000), Max=(X=1505.000 Y=1400.000 Z=55.000) RuntimeGrid:None EditorOnly:false RuntimeOnly:false HLODRelevant:true ListedInSceneOutliner:true IsMainWorldOnly:false
 |   |   |- Guid:9C30AF3F42F6860E720179941B6BDE9F NativeClass:/Script/Engine.StaticMeshActor Name:StaticMeshActor_UAID_5811223E7FD8D67302_1646697612 Label:Box7 SpatiallyLoaded:true EditorBounds:IsValid=true, Min=(X=1488.099 Y=1192.520 Z=-0.379), Max=(X=1501.901 Y=1222.151 Z=144.025) RuntimeBounds:IsValid=true, Min=(X=1488.099 Y=1192.520 Z=-0.379), Max=(X=1501.901 Y=1222.151 Z=144.025) RuntimeGrid:None EditorOnly:false RuntimeOnly:false HLODRelevant:true ListedInSceneOutliner:true IsMainWorldOnly:false
 |   |   |- Guid:A4A7E9D94E0942AFB1395E9597451AEF NativeClass:/Script/Engine.StaticMeshActor Name:StaticMeshActor_UAID_5811223E7FD8D67302_1472813602 Label:Box4 SpatiallyLoaded:true EditorBounds:IsValid=true, Min=(X=1493.049 Y=1393.215 Z=55.000), Max=(X=1496.951 Y=1396.785 Z=118.519) RuntimeBounds:IsValid=true, Min=(X=1493.049 Y=1393.215 Z=55.000), Max=(X=1496.951 Y=1396.785 Z=118.519) RuntimeGrid:None EditorOnly:false RuntimeOnly:false HLODRelevant:true ListedInSceneOutliner:true IsMainWorldOnly:false
 |   |   |- Guid:A68F5DA6476542D8E3F451AB3FC10539 NativeClass:/Script/Engine.StaticMeshActor Name:StaticMeshActor_UAID_5811223E7FD8D67302_1542039603 Label:Box5 SpatiallyLoaded:true EditorBounds:IsValid=true, Min=(X=1493.049 Y=1308.215 Z=55.000), Max=(X=1496.951 Y=1311.785 Z=118.519) RuntimeBounds:IsValid=true, Min=(X=1493.049 Y=1308.215 Z=55.000), Max=(X=1496.951 Y=1311.785 Z=118.519) RuntimeGrid:None EditorOnly:false RuntimeOnly:false HLODRelevant:true ListedInSceneOutliner:true IsMainWorldOnly:false
 |   |   |- Guid:B47FE2524EBC15AA402DE582C6A4DC53 NativeClass:/Script/Engine.StaticMeshActor Name:StaticMeshActor_UAID_5811223E7FD8D67302_1618256610 Label:Cylinder4 SpatiallyLoaded:true EditorBounds:IsValid=true, Min=(X=1313.479 Y=1310.000 Z=3.479), Max=(X=1336.521 Y=1311.378 Z=26.521) RuntimeBounds:IsValid=true, Min=(X=1313.479 Y=1310.000 Z=3.479), Max=(X=1336.521 Y=1311.378 Z=26.521) RuntimeGrid:None EditorOnly:false RuntimeOnly:false HLODRelevant:true ListedInSceneOutliner:true IsMainWorldOnly:false
 |   |   |- Guid:B785ED2844B84CFB91E7F39FE661CD99 NativeClass:/Script/Engine.DirectionalLight Name:DirectionalLight_0 Label:DirectionalLight SpatiallyLoaded:false EditorBounds:IsValid=false, Min=(X=0.000 Y=0.000 Z=0.000), Max=(X=0.000 Y=0.000 Z=0.000) RuntimeBounds:IsValid=false, Min=(X=0.000 Y=0.000 Z=0.000), Max=(X=0.000 Y=0.000 Z=0.000) RuntimeGrid:None EditorOnly:false RuntimeOnly:false HLODRelevant:false ListedInSceneOutliner:true IsMainWorldOnly:false FolderPath:Lighting FolderGuid:963EC3EB4002CCE9759E2EBA541A873A
 |   |   |- Guid:CCFF262C46EEFFDF319E7F9539CE697E NativeClass:/Script/Engine.SkyAtmosphere Name:SkyAtmosphere_0 Label:SkyAtmosphere SpatiallyLoaded:false EditorBounds:IsValid=true, Min=(X=0.000 Y=0.000 Z=1020.000), Max=(X=0.000 Y=0.000 Z=1020.000) RuntimeBounds:IsValid=true, Min=(X=0.000 Y=0.000 Z=1020.000), Max=(X=0.000 Y=0.000 Z=1020.000) RuntimeGrid:None EditorOnly:false RuntimeOnly:false HLODRelevant:false ListedInSceneOutliner:true IsMainWorldOnly:false FolderPath:Lighting FolderGuid:963EC3EB4002CCE9759E2EBA541A873A
 |   |   |- Guid:D0A65086491AD7B1D5914DA49FAC6597 NativeClass:/Script/Engine.StaticMeshActor Name:StaticMeshActor_UAID_5811223E7FD8D67302_1611182608 Label:Cylinder2 SpatiallyLoaded:true EditorBounds:IsValid=true, Min=(X=1473.479 Y=1310.000 Z=3.479), Max=(X=1496.521 Y=1311.378 Z=26.521) RuntimeBounds:IsValid=true, Min=(X=1473.479 Y=1310.000 Z=3.479), Max=(X=1496.521 Y=1311.378 Z=26.521) RuntimeGrid:None EditorOnly:false RuntimeOnly:false HLODRelevant:true ListedInSceneOutliner:true IsMainWorldOnly:false
 |   |   |- Guid:EC4E0C944CE6AC6E784BC6BB2916EA13 NativeClass:/Script/Engine.StaticMeshActor Name:StaticMeshActor_UAID_A4AE111137DC5EFB00_1110535423 Label:SM_SkySphere SpatiallyLoaded:false EditorBounds:IsValid=true, Min=(X=-1638400.000 Y=-1638400.000 Z=-1638400.000), Max=(X=1638400.000 Y=1638400.000 Z=1638400.000) RuntimeBounds:IsValid=true, Min=(X=-1638400.000 Y=-1638400.000 Z=-1638400.000), Max=(X=1638400.000 Y=1638400.000 Z=1638400.000) RuntimeGrid:None EditorOnly:false RuntimeOnly:false HLODRelevant:true ListedInSceneOutliner:true IsMainWorldOnly:false FolderPath:Lighting FolderGuid:963EC3EB4002CCE9759E2EBA541A873A
 |   |   |- Guid:F1924B8D48954B30891B2DB6A694F9CC NativeClass:/Script/Engine.StaticMeshActor Name:StaticMeshActor_1 Label:SM_Cube SpatiallyLoaded:true EditorBounds:IsValid=true, Min=(X=0.000 Y=0.000 Z=-50.000), Max=(X=3000.000 Y=3500.000 Z=0.000) RuntimeBounds:IsValid=true, Min=(X=0.000 Y=0.000 Z=-50.000), Max=(X=3000.000 Y=3500.000 Z=0.000) RuntimeGrid:None EditorOnly:false RuntimeOnly:false HLODRelevant:true ListedInSceneOutliner:true IsMainWorldOnly:false FolderPath:Playground FolderGuid:C73F09FC4215536B1DCE2A9E0A830C70
 |   |   |- Guid:F5E3FEB3450C49844FD93DA8E083C8AD NativeClass:/Script/Engine.PostProcessVolume Name:PostProcessVolume_0 Label:PostProcessVolume SpatiallyLoaded:false EditorBounds:IsValid=true, Min=(X=0.000 Y=0.000 Z=400.000), Max=(X=200.000 Y=200.000 Z=600.000) RuntimeBounds:IsValid=true, Min=(X=0.000 Y=0.000 Z=400.000), Max=(X=200.000 Y=200.000 Z=600.000) RuntimeGrid:None EditorOnly:false RuntimeOnly:false HLODRelevant:false ListedInSceneOutliner:true IsMainWorldOnly:false FolderPath:Lighting FolderGuid:963EC3EB4002CCE9759E2EBA541A873A
 |   |   |- Guid:F773914C43F76CAA57396E9E50F4B510 NativeClass:/Script/Engine.StaticMeshActor Name:StaticMeshActor_UAID_5811223E7FD8D67302_1588929607 Label:Cylinder SpatiallyLoaded:true EditorBounds:IsValid=true, Min=(X=1473.479 Y=1390.000 Z=3.479), Max=(X=1496.521 Y=1391.378 Z=26.521) RuntimeBounds:IsValid=true, Min=(X=1473.479 Y=1390.000 Z=3.479), Max=(X=1496.521 Y=1391.378 Z=26.521) RuntimeGrid:None EditorOnly:false RuntimeOnly:false HLODRelevant:true ListedInSceneOutliner:true IsMainWorldOnly:false
 |   |   |- Guid:F797ECC94A37A7A032B2A4AAB3AC0C23 NativeClass:/Script/Engine.StaticMeshActor Name:StaticMeshActor_UAID_5811223E7FD8D67302_1707386617 Label:Box10 SpatiallyLoaded:true EditorBounds:IsValid=true, Min=(X=1535.953 Y=1192.520 Z=-0.379), Max=(X=1549.754 Y=1222.151 Z=144.025) RuntimeBounds:IsValid=true, Min=(X=1535.953 Y=1192.520 Z=-0.379), Max=(X=1549.754 Y=1222.151 Z=144.025) RuntimeGrid:None EditorOnly:false RuntimeOnly:false HLODRelevant:true ListedInSceneOutliner:true IsMainWorldOnly:false
 |   |- [+] Clusters:
 |   |   |- [+] [  0]
 |   |   |   |- Guid:02AC6CE34D246667F87DF2A5C38AF092 NativeClass:/Script/Engine.StaticMeshActor Name:StaticMeshActor_UAID_5811223E7FD8D67302_1709083618 Label:Box11 SpatiallyLoaded:true EditorBounds:IsValid=true, Min=(X=1553.962 Y=1192.520 Z=-0.379), Max=(X=1567.763 Y=1222.151 Z=144.025) RuntimeBounds:IsValid=true, Min=(X=1553.962 Y=1192.520 Z=-0.379), Max=(X=1567.763 Y=1222.151 Z=144.025) RuntimeGrid:None EditorOnly:false RuntimeOnly:false HLODRelevant:true ListedInSceneOutliner:true IsMainWorldOnly:false
 |   |   |- [+] [  1]
 |   |   |   |- Guid:07D5416B470527CBC5E4CABAD7DDA647 NativeClass:/Script/Engine.StaticMeshActor Name:StaticMeshActor_UAID_5811223E7FD8D67302_1618254609 Label:Cylinder3 SpatiallyLoaded:true EditorBounds:IsValid=true, Min=(X=1313.479 Y=1390.000 Z=3.479), Max=(X=1336.521 Y=1391.378 Z=26.521) RuntimeBounds:IsValid=true, Min=(X=1313.479 Y=1390.000 Z=3.479), Max=(X=1336.521 Y=1391.378 Z=26.521) RuntimeGrid:None EditorOnly:false RuntimeOnly:false HLODRelevant:true ListedInSceneOutliner:true IsMainWorldOnly:false
 |   |   |- [+] [  2]
 |   |   |   |- Guid:12CDB0BE44AA3D39DB7416BFECF93991 NativeClass:/Script/Engine.StaticMeshActor Name:StaticMeshActor_UAID_5811223E7FD8D67302_1703879616 Label:Box9 SpatiallyLoaded:true EditorBounds:IsValid=true, Min=(X=1520.024 Y=1192.520 Z=-0.379), Max=(X=1533.826 Y=1222.151 Z=144.025) RuntimeBounds:IsValid=true, Min=(X=1520.024 Y=1192.520 Z=-0.379), Max=(X=1533.826 Y=1222.151 Z=144.025) RuntimeGrid:None EditorOnly:false RuntimeOnly:false HLODRelevant:true ListedInSceneOutliner:true IsMainWorldOnly:false
 |   |   |- [+] [  3]
 |   |   |   |- Guid:207D7F384C1588B9CF752699006080FD NativeClass:/Script/Engine.StaticMeshActor Name:StaticMeshActor_UAID_5811223E7FD8D67302_1699862615 Label:Box8 SpatiallyLoaded:true EditorBounds:IsValid=true, Min=(X=1503.099 Y=1192.520 Z=-0.379), Max=(X=1516.901 Y=1222.151 Z=144.025) RuntimeBounds:IsValid=true, Min=(X=1503.099 Y=1192.520 Z=-0.379), Max=(X=1516.901 Y=1222.151 Z=144.025) RuntimeGrid:None EditorOnly:false RuntimeOnly:false HLODRelevant:true ListedInSceneOutliner:true IsMainWorldOnly:false
 |   |   |- [+] [  4]
 |   |   |   |- Guid:25524E2B4AED78F98B0CF5936642A8CB NativeClass:/Script/Engine.StaticMeshActor Name:StaticMeshActor_UAID_5811223E7FD8D67302_1545146604 Label:Box6 SpatiallyLoaded:true EditorBounds:IsValid=true, Min=(X=1493.049 Y=1310.000 Z=118.215), Max=(X=1496.951 Y=1396.505 Z=121.785) RuntimeBounds:IsValid=true, Min=(X=1493.049 Y=1310.000 Z=118.215), Max=(X=1496.951 Y=1396.505 Z=121.785) RuntimeGrid:None EditorOnly:false RuntimeOnly:false HLODRelevant:true ListedInSceneOutliner:true IsMainWorldOnly:false
 |   |   |- [+] [  5]
 |   |   |   |- Guid:2FB58999456391D349DC0F86DAC136ED NativeClass:/Script/Engine.SkyLight Name:SkyLight_1 Label:SkyLight SpatiallyLoaded:false EditorBounds:IsValid=true, Min=(X=0.000 Y=0.000 Z=690.000), Max=(X=0.000 Y=0.000 Z=690.000) RuntimeBounds:IsValid=true, Min=(X=0.000 Y=0.000 Z=690.000), Max=(X=0.000 Y=0.000 Z=690.000) RuntimeGrid:None EditorOnly:false RuntimeOnly:false HLODRelevant:false ListedInSceneOutliner:true IsMainWorldOnly:false FolderPath:Lighting FolderGuid:963EC3EB4002CCE9759E2EBA541A873A
 |   |   |- [+] [  6]
 |   |   |   |- Guid:316CF2A6494ACA4C0E4180A87D36AB8F NativeClass:/Script/Engine.ExponentialHeightFog Name:ExponentialHeightFog_0 Label:ExponentialHeightFog SpatiallyLoaded:false EditorBounds:IsValid=true, Min=(X=-5600.000 Y=-50.000 Z=-6850.000), Max=(X=-5600.000 Y=-50.000 Z=-6850.000) RuntimeBounds:IsValid=true, Min=(X=-5600.000 Y=-50.000 Z=-6850.000), Max=(X=-5600.000 Y=-50.000 Z=-6850.000) RuntimeGrid:None EditorOnly:false RuntimeOnly:false HLODRelevant:false ListedInSceneOutliner:true IsMainWorldOnly:false FolderPath:Lighting FolderGuid:963EC3EB4002CCE9759E2EBA541A873A
 |   |   |- [+] [  7]
 |   |   |   |- Guid:3A00AA1C422CE54C0BDB60BAF471BFBB NativeClass:/Script/Engine.PlayerStart Name:PlayerStart_0 Label:PlayerStart SpatiallyLoaded:false EditorBounds:IsValid=true, Min=(X=860.000 Y=1070.000 Z=0.013), Max=(X=940.000 Y=1150.000 Z=184.013) RuntimeBounds:IsValid=true, Min=(X=860.000 Y=1070.000 Z=0.013), Max=(X=940.000 Y=1150.000 Z=184.013) RuntimeGrid:None EditorOnly:false RuntimeOnly:false HLODRelevant:false ListedInSceneOutliner:true IsMainWorldOnly:false
 |   |   |- [+] [  8]
 |   |   |   |- Guid:4D3BE93F4146AAAC8BBE79999D96D57F NativeClass:/Script/Engine.VolumetricCloud Name:VolumetricCloud_0 Label:VolumetricCloud SpatiallyLoaded:false EditorBounds:IsValid=true, Min=(X=0.000 Y=0.000 Z=820.000), Max=(X=0.000 Y=0.000 Z=820.000) RuntimeBounds:IsValid=true, Min=(X=0.000 Y=0.000 Z=820.000), Max=(X=0.000 Y=0.000 Z=820.000) RuntimeGrid:None EditorOnly:false RuntimeOnly:false HLODRelevant:false ListedInSceneOutliner:true IsMainWorldOnly:false FolderPath:Lighting FolderGuid:963EC3EB4002CCE9759E2EBA541A873A
 |   |   |- [+] [  9]
 |   |   |   |- Guid:679F532840D1A5C779EADE8D52B6E7FE NativeClass:/Script/Engine.StaticMeshActor Name:StaticMeshActor_UAID_5811223E7FD8D67302_1710833619 Label:Box12 SpatiallyLoaded:true EditorBounds:IsValid=true, Min=(X=1572.986 Y=1192.520 Z=-0.379), Max=(X=1586.787 Y=1222.151 Z=144.025) RuntimeBounds:IsValid=true, Min=(X=1572.986 Y=1192.520 Z=-0.379), Max=(X=1586.787 Y=1222.151 Z=144.025) RuntimeGrid:None EditorOnly:false RuntimeOnly:false HLODRelevant:true ListedInSceneOutliner:true IsMainWorldOnly:false
 |   |   |- [+] [ 10]
 |   |   |   |- Guid:68E15B344CAD88AB6BA54E9045580FCE NativeClass:/Script/Engine.StaticMeshActor Name:StaticMeshActor_UAID_5811223E7FD8D57302_2089239423 Label:Box SpatiallyLoaded:true EditorBounds:IsValid=true, Min=(X=900.000 Y=1900.000 Z=0.000), Max=(X=1600.000 Y=2000.000 Z=825.000) RuntimeBounds:IsValid=true, Min=(X=900.000 Y=1900.000 Z=0.000), Max=(X=1600.000 Y=2000.000 Z=825.000) RuntimeGrid:None EditorOnly:false RuntimeOnly:false HLODRelevant:true ListedInSceneOutliner:true IsMainWorldOnly:false
 |   |   |- [+] [ 11]
 |   |   |   |- Guid:6BAF4DDD444C60371492D3919DB42C97 NativeClass:/Script/Engine.WorldDataLayers Name:WorldDataLayers Label:WorldDataLayers SpatiallyLoaded:false EditorBounds:IsValid=true, Min=(X=0.000 Y=0.000 Z=0.000), Max=(X=0.000 Y=0.000 Z=0.000) RuntimeBounds:IsValid=true, Min=(X=0.000 Y=0.000 Z=0.000), Max=(X=0.000 Y=0.000 Z=0.000) RuntimeGrid:None EditorOnly:false RuntimeOnly:false HLODRelevant:false ListedInSceneOutliner:true IsMainWorldOnly:true
 |   |   |- [+] [ 12]
 |   |   |   |- Guid:783B29B14F9561B75B78D285055EAB7F NativeClass:/Script/Engine.StaticMeshActor Name:StaticMeshActor_UAID_5811223E7FD8D57302_2141835424 Label:Box2 SpatiallyLoaded:true EditorBounds:IsValid=true, Min=(X=900.000 Y=1090.000 Z=0.000), Max=(X=1600.000 Y=1190.000 Z=825.000) RuntimeBounds:IsValid=true, Min=(X=900.000 Y=1090.000 Z=0.000), Max=(X=1600.000 Y=1190.000 Z=825.000) RuntimeGrid:None EditorOnly:false RuntimeOnly:false HLODRelevant:true ListedInSceneOutliner:true IsMainWorldOnly:false
 |   |   |- [+] [ 13]
 |   |   |   |- Guid:7ED6111D4D4E1F1B0AEE739B9E681593 NativeClass:/Script/Engine.StaticMeshActor Name:StaticMeshActor_UAID_5811223E7FD8D67302_1385855601 Label:Box3 SpatiallyLoaded:true EditorBounds:IsValid=true, Min=(X=1305.000 Y=1300.000 Z=30.000), Max=(X=1505.000 Y=1400.000 Z=55.000) RuntimeBounds:IsValid=true, Min=(X=1305.000 Y=1300.000 Z=30.000), Max=(X=1505.000 Y=1400.000 Z=55.000) RuntimeGrid:None EditorOnly:false RuntimeOnly:false HLODRelevant:true ListedInSceneOutliner:true IsMainWorldOnly:false
 |   |   |- [+] [ 14]
 |   |   |   |- Guid:9C30AF3F42F6860E720179941B6BDE9F NativeClass:/Script/Engine.StaticMeshActor Name:StaticMeshActor_UAID_5811223E7FD8D67302_1646697612 Label:Box7 SpatiallyLoaded:true EditorBounds:IsValid=true, Min=(X=1488.099 Y=1192.520 Z=-0.379), Max=(X=1501.901 Y=1222.151 Z=144.025) RuntimeBounds:IsValid=true, Min=(X=1488.099 Y=1192.520 Z=-0.379), Max=(X=1501.901 Y=1222.151 Z=144.025) RuntimeGrid:None EditorOnly:false RuntimeOnly:false HLODRelevant:true ListedInSceneOutliner:true IsMainWorldOnly:false
 |   |   |- [+] [ 15]
 |   |   |   |- Guid:A4A7E9D94E0942AFB1395E9597451AEF NativeClass:/Script/Engine.StaticMeshActor Name:StaticMeshActor_UAID_5811223E7FD8D67302_1472813602 Label:Box4 SpatiallyLoaded:true EditorBounds:IsValid=true, Min=(X=1493.049 Y=1393.215 Z=55.000), Max=(X=1496.951 Y=1396.785 Z=118.519) RuntimeBounds:IsValid=true, Min=(X=1493.049 Y=1393.215 Z=55.000), Max=(X=1496.951 Y=1396.785 Z=118.519) RuntimeGrid:None EditorOnly:false RuntimeOnly:false HLODRelevant:true ListedInSceneOutliner:true IsMainWorldOnly:false
 |   |   |- [+] [ 16]
 |   |   |   |- Guid:A68F5DA6476542D8E3F451AB3FC10539 NativeClass:/Script/Engine.StaticMeshActor Name:StaticMeshActor_UAID_5811223E7FD8D67302_1542039603 Label:Box5 SpatiallyLoaded:true EditorBounds:IsValid=true, Min=(X=1493.049 Y=1308.215 Z=55.000), Max=(X=1496.951 Y=1311.785 Z=118.519) RuntimeBounds:IsValid=true, Min=(X=1493.049 Y=1308.215 Z=55.000), Max=(X=1496.951 Y=1311.785 Z=118.519) RuntimeGrid:None EditorOnly:false RuntimeOnly:false HLODRelevant:true ListedInSceneOutliner:true IsMainWorldOnly:false
 |   |   |- [+] [ 17]
 |   |   |   |- Guid:B47FE2524EBC15AA402DE582C6A4DC53 NativeClass:/Script/Engine.StaticMeshActor Name:StaticMeshActor_UAID_5811223E7FD8D67302_1618256610 Label:Cylinder4 SpatiallyLoaded:true EditorBounds:IsValid=true, Min=(X=1313.479 Y=1310.000 Z=3.479), Max=(X=1336.521 Y=1311.378 Z=26.521) RuntimeBounds:IsValid=true, Min=(X=1313.479 Y=1310.000 Z=3.479), Max=(X=1336.521 Y=1311.378 Z=26.521) RuntimeGrid:None EditorOnly:false RuntimeOnly:false HLODRelevant:true ListedInSceneOutliner:true IsMainWorldOnly:false
 |   |   |- [+] [ 18]
 |   |   |   |- Guid:B785ED2844B84CFB91E7F39FE661CD99 NativeClass:/Script/Engine.DirectionalLight Name:DirectionalLight_0 Label:DirectionalLight SpatiallyLoaded:false EditorBounds:IsValid=false, Min=(X=0.000 Y=0.000 Z=0.000), Max=(X=0.000 Y=0.000 Z=0.000) RuntimeBounds:IsValid=false, Min=(X=0.000 Y=0.000 Z=0.000), Max=(X=0.000 Y=0.000 Z=0.000) RuntimeGrid:None EditorOnly:false RuntimeOnly:false HLODRelevant:false ListedInSceneOutliner:true IsMainWorldOnly:false FolderPath:Lighting FolderGuid:963EC3EB4002CCE9759E2EBA541A873A
 |   |   |- [+] [ 19]
 |   |   |   |- Guid:CCFF262C46EEFFDF319E7F9539CE697E NativeClass:/Script/Engine.SkyAtmosphere Name:SkyAtmosphere_0 Label:SkyAtmosphere SpatiallyLoaded:false EditorBounds:IsValid=true, Min=(X=0.000 Y=0.000 Z=1020.000), Max=(X=0.000 Y=0.000 Z=1020.000) RuntimeBounds:IsValid=true, Min=(X=0.000 Y=0.000 Z=1020.000), Max=(X=0.000 Y=0.000 Z=1020.000) RuntimeGrid:None EditorOnly:false RuntimeOnly:false HLODRelevant:false ListedInSceneOutliner:true IsMainWorldOnly:false FolderPath:Lighting FolderGuid:963EC3EB4002CCE9759E2EBA541A873A
 |   |   |- [+] [ 20]
 |   |   |   |- Guid:D0A65086491AD7B1D5914DA49FAC6597 NativeClass:/Script/Engine.StaticMeshActor Name:StaticMeshActor_UAID_5811223E7FD8D67302_1611182608 Label:Cylinder2 SpatiallyLoaded:true EditorBounds:IsValid=true, Min=(X=1473.479 Y=1310.000 Z=3.479), Max=(X=1496.521 Y=1311.378 Z=26.521) RuntimeBounds:IsValid=true, Min=(X=1473.479 Y=1310.000 Z=3.479), Max=(X=1496.521 Y=1311.378 Z=26.521) RuntimeGrid:None EditorOnly:false RuntimeOnly:false HLODRelevant:true ListedInSceneOutliner:true IsMainWorldOnly:false
 |   |   |- [+] [ 21]
 |   |   |   |- Guid:EC4E0C944CE6AC6E784BC6BB2916EA13 NativeClass:/Script/Engine.StaticMeshActor Name:StaticMeshActor_UAID_A4AE111137DC5EFB00_1110535423 Label:SM_SkySphere SpatiallyLoaded:false EditorBounds:IsValid=true, Min=(X=-1638400.000 Y=-1638400.000 Z=-1638400.000), Max=(X=1638400.000 Y=1638400.000 Z=1638400.000) RuntimeBounds:IsValid=true, Min=(X=-1638400.000 Y=-1638400.000 Z=-1638400.000), Max=(X=1638400.000 Y=1638400.000 Z=1638400.000) RuntimeGrid:None EditorOnly:false RuntimeOnly:false HLODRelevant:true ListedInSceneOutliner:true IsMainWorldOnly:false FolderPath:Lighting FolderGuid:963EC3EB4002CCE9759E2EBA541A873A
 |   |   |- [+] [ 22]
 |   |   |   |- Guid:F1924B8D48954B30891B2DB6A694F9CC NativeClass:/Script/Engine.StaticMeshActor Name:StaticMeshActor_1 Label:SM_Cube SpatiallyLoaded:true EditorBounds:IsValid=true, Min=(X=0.000 Y=0.000 Z=-50.000), Max=(X=3000.000 Y=3500.000 Z=0.000) RuntimeBounds:IsValid=true, Min=(X=0.000 Y=0.000 Z=-50.000), Max=(X=3000.000 Y=3500.000 Z=0.000) RuntimeGrid:None EditorOnly:false RuntimeOnly:false HLODRelevant:true ListedInSceneOutliner:true IsMainWorldOnly:false FolderPath:Playground FolderGuid:C73F09FC4215536B1DCE2A9E0A830C70
 |   |   |- [+] [ 23]
 |   |   |   |- Guid:F5E3FEB3450C49844FD93DA8E083C8AD NativeClass:/Script/Engine.PostProcessVolume Name:PostProcessVolume_0 Label:PostProcessVolume SpatiallyLoaded:false EditorBounds:IsValid=true, Min=(X=0.000 Y=0.000 Z=400.000), Max=(X=200.000 Y=200.000 Z=600.000) RuntimeBounds:IsValid=true, Min=(X=0.000 Y=0.000 Z=400.000), Max=(X=200.000 Y=200.000 Z=600.000) RuntimeGrid:None EditorOnly:false RuntimeOnly:false HLODRelevant:false ListedInSceneOutliner:true IsMainWorldOnly:false FolderPath:Lighting FolderGuid:963EC3EB4002CCE9759E2EBA541A873A
 |   |   |- [+] [ 24]
 |   |   |   |- Guid:F773914C43F76CAA57396E9E50F4B510 NativeClass:/Script/Engine.StaticMeshActor Name:StaticMeshActor_UAID_5811223E7FD8D67302_1588929607 Label:Cylinder SpatiallyLoaded:true EditorBounds:IsValid=true, Min=(X=1473.479 Y=1390.000 Z=3.479), Max=(X=1496.521 Y=1391.378 Z=26.521) RuntimeBounds:IsValid=true, Min=(X=1473.479 Y=1390.000 Z=3.479), Max=(X=1496.521 Y=1391.378 Z=26.521) RuntimeGrid:None EditorOnly:false RuntimeOnly:false HLODRelevant:true ListedInSceneOutliner:true IsMainWorldOnly:false
 |   |   |- [+] [ 25]
 |   |   |   |- Guid:F797ECC94A37A7A032B2A4AAB3AC0C23 NativeClass:/Script/Engine.StaticMeshActor Name:StaticMeshActor_UAID_5811223E7FD8D67302_1707386617 Label:Box10 SpatiallyLoaded:true EditorBounds:IsValid=true, Min=(X=1535.953 Y=1192.520 Z=-0.379), Max=(X=1549.754 Y=1222.151 Z=144.025) RuntimeBounds:IsValid=true, Min=(X=1535.953 Y=1192.520 Z=-0.379), Max=(X=1549.754 Y=1222.151 Z=144.025) RuntimeGrid:None EditorOnly:false RuntimeOnly:false HLODRelevant:true ListedInSceneOutliner:true IsMainWorldOnly:false
 |- ContainerInstances:
 |- [+] MainContainer:
 |   |-        ID: 00000000000000000000000000000000
 |   |-  ParentID: 00000000000000000000000000000000
 |   |-    Bounds: IsValid=false, Min=(X=0.000 Y=0.000 Z=0.000), Max=(X=0.000 Y=0.000 Z=0.000)
 |   |- Transform: 0.000000,0.000000,0.000000|0.000000,0.000000,-0.000000|1.000000,1.000000,1.000000
 |   |- Container: /Game/ThirdPerson/Maps/ThirdPersonMap
----------------------------------------------------------------------------------------------------------------
ThirdPersonMap - Persistent Level
----------------------------------------------------------------------------------------------------------------
[+] Content of ThirdPersonMap Persistent Level
 |- Always loaded Actor Count: 26 
 |- Actor Path: /Game/ThirdPerson/Maps/ThirdPersonMap.ThirdPersonMap:PersistentLevel.DirectionalLight_0
 |- Actor Package: /Game/__ExternalActors__/ThirdPerson/Maps/ThirdPersonMap/5/R1/TS5OQ5CRUWFZYL1ZQ7I416
 |- Actor Path: /Game/ThirdPerson/Maps/ThirdPersonMap.ThirdPersonMap:PersistentLevel.ExponentialHeightFog_0
 |- Actor Package: /Game/__ExternalActors__/ThirdPerson/Maps/ThirdPersonMap/6/J7/N10XDC9G27EMLS5AGZ6AVV
 |- Actor Path: /Game/ThirdPerson/Maps/ThirdPersonMap.ThirdPersonMap:PersistentLevel.PlayerStart_0
 |- Actor Package: /Game/__ExternalActors__/ThirdPerson/Maps/ThirdPersonMap/D/DE/SWSI13675DVYIZ0N4NF7Y3
 |- Actor Path: /Game/ThirdPerson/Maps/ThirdPersonMap.ThirdPersonMap:PersistentLevel.PostProcessVolume_0
 |- Actor Package: /Game/__ExternalActors__/ThirdPerson/Maps/ThirdPersonMap/1/AZ/A7GPT109Y6ZTTJD4A7TXER
 |- Actor Path: /Game/ThirdPerson/Maps/ThirdPersonMap.ThirdPersonMap:PersistentLevel.SkyAtmosphere_0
 |- Actor Package: /Game/__ExternalActors__/ThirdPerson/Maps/ThirdPersonMap/4/LN/30UBDLYFFA5ZR7U4W4L4GG
 |- Actor Path: /Game/ThirdPerson/Maps/ThirdPersonMap.ThirdPersonMap:PersistentLevel.SkyLight_1
 |- Actor Package: /Game/__ExternalActors__/ThirdPerson/Maps/ThirdPersonMap/8/S1/DXUWD12MD3HRWVVXX076BY
 |- Actor Path: /Game/ThirdPerson/Maps/ThirdPersonMap.ThirdPersonMap:PersistentLevel.StaticMeshActor_1
 |- Actor Package: /Game/__ExternalActors__/ThirdPerson/Maps/ThirdPersonMap/6/YO/NG2R9BPZVA7ZDN0Z4VSTG6
 |- Actor Path: /Game/ThirdPerson/Maps/ThirdPersonMap.ThirdPersonMap:PersistentLevel.StaticMeshActor_UAID_5811223E7FD8D57302_2089239423
 |- Actor Package: /Game/__ExternalActors__/ThirdPerson/Maps/ThirdPersonMap/5/BT/AQYZRJ5UQVQ7BU6E3T0CE8
 |- Actor Path: /Game/ThirdPerson/Maps/ThirdPersonMap.ThirdPersonMap:PersistentLevel.StaticMeshActor_UAID_5811223E7FD8D57302_2141835424
 |- Actor Package: /Game/__ExternalActors__/ThirdPerson/Maps/ThirdPersonMap/6/51/NUGZKFKAES1HQY9RZHC983
 |- Actor Path: /Game/ThirdPerson/Maps/ThirdPersonMap.ThirdPersonMap:PersistentLevel.StaticMeshActor_UAID_5811223E7FD8D67302_1385855601
 |- Actor Package: /Game/__ExternalActors__/ThirdPerson/Maps/ThirdPersonMap/5/80/SVCMXD8AN3ABYBRSJF32SI
 |- Actor Path: /Game/ThirdPerson/Maps/ThirdPersonMap.ThirdPersonMap:PersistentLevel.StaticMeshActor_UAID_5811223E7FD8D67302_1472813602
 |- Actor Package: /Game/__ExternalActors__/ThirdPerson/Maps/ThirdPersonMap/B/XZ/Y5KYRKE9TEWRTNZKNXOH1T
 |- Actor Path: /Game/ThirdPerson/Maps/ThirdPersonMap.ThirdPersonMap:PersistentLevel.StaticMeshActor_UAID_5811223E7FD8D67302_1542039603
 |- Actor Package: /Game/__ExternalActors__/ThirdPerson/Maps/ThirdPersonMap/2/2I/PGA0F8UNNC0N593QIM2IFT
 |- Actor Path: /Game/ThirdPerson/Maps/ThirdPersonMap.ThirdPersonMap:PersistentLevel.StaticMeshActor_UAID_5811223E7FD8D67302_1545146604
 |- Actor Package: /Game/__ExternalActors__/ThirdPerson/Maps/ThirdPersonMap/1/1W/2QU6UF3XFWSRLGQRXDP46S
 |- Actor Path: /Game/ThirdPerson/Maps/ThirdPersonMap.ThirdPersonMap:PersistentLevel.StaticMeshActor_UAID_5811223E7FD8D67302_1588929607
 |- Actor Package: /Game/__ExternalActors__/ThirdPerson/Maps/ThirdPersonMap/8/04/SY4Y2G1YJKKM486L2HZBGE
 |- Actor Path: /Game/ThirdPerson/Maps/ThirdPersonMap.ThirdPersonMap:PersistentLevel.StaticMeshActor_UAID_5811223E7FD8D67302_1611182608
 |- Actor Package: /Game/__ExternalActors__/ThirdPerson/Maps/ThirdPersonMap/C/LW/6YHOT4LNSUH5INMHIWIAIK
 |- Actor Path: /Game/ThirdPerson/Maps/ThirdPersonMap.ThirdPersonMap:PersistentLevel.StaticMeshActor_UAID_5811223E7FD8D67302_1618254609
 |- Actor Package: /Game/__ExternalActors__/ThirdPerson/Maps/ThirdPersonMap/1/KA/9QKWD9COKXYXSWP12WHIHH
 |- Actor Path: /Game/ThirdPerson/Maps/ThirdPersonMap.ThirdPersonMap:PersistentLevel.StaticMeshActor_UAID_5811223E7FD8D67302_1618256610
 |- Actor Package: /Game/__ExternalActors__/ThirdPerson/Maps/ThirdPersonMap/A/N3/3GT90YY1DEERUEGRC49FRC
 |- Actor Path: /Game/ThirdPerson/Maps/ThirdPersonMap.ThirdPersonMap:PersistentLevel.StaticMeshActor_UAID_5811223E7FD8D67302_1646697612
 |- Actor Package: /Game/__ExternalActors__/ThirdPerson/Maps/ThirdPersonMap/3/ST/H7XF8MT8EOV35UPHT7ZTDS
 |- Actor Path: /Game/ThirdPerson/Maps/ThirdPersonMap.ThirdPersonMap:PersistentLevel.StaticMeshActor_UAID_5811223E7FD8D67302_1699862615
 |- Actor Package: /Game/__ExternalActors__/ThirdPerson/Maps/ThirdPersonMap/3/53/U5CWA5JH48RHNPLWL2VDKO
 |- Actor Path: /Game/ThirdPerson/Maps/ThirdPersonMap.ThirdPersonMap:PersistentLevel.StaticMeshActor_UAID_5811223E7FD8D67302_1703879616
 |- Actor Package: /Game/__ExternalActors__/ThirdPerson/Maps/ThirdPersonMap/2/4V/OM594WNOP50HE1ZLQNKMYP
 |- Actor Path: /Game/ThirdPerson/Maps/ThirdPersonMap.ThirdPersonMap:PersistentLevel.StaticMeshActor_UAID_5811223E7FD8D67302_1707386617
 |- Actor Package: /Game/__ExternalActors__/ThirdPerson/Maps/ThirdPersonMap/0/1R/QIB84CYMEB7RU5PPFS9J2Q
 |- Actor Path: /Game/ThirdPerson/Maps/ThirdPersonMap.ThirdPersonMap:PersistentLevel.StaticMeshActor_UAID_5811223E7FD8D67302_1709083618
 |- Actor Package: /Game/__ExternalActors__/ThirdPerson/Maps/ThirdPersonMap/9/Y9/UOIE15WJQ6WGPJ8RSG2WW2
 |- Actor Path: /Game/ThirdPerson/Maps/ThirdPersonMap.ThirdPersonMap:PersistentLevel.StaticMeshActor_UAID_5811223E7FD8D67302_1710833619
 |- Actor Package: /Game/__ExternalActors__/ThirdPerson/Maps/ThirdPersonMap/9/0L/9Y5KZ7VV7QDCQZ01REDHZF
 |- Actor Path: /Game/ThirdPerson/Maps/ThirdPersonMap.ThirdPersonMap:PersistentLevel.StaticMeshActor_UAID_A4AE111137DC5EFB00_1110535423
 |- Actor Package: /Game/__ExternalActors__/ThirdPerson/Maps/ThirdPersonMap/4/PN/2QISIGK5DJNQ05US8O8FXW
 |- Actor Path: /Game/ThirdPerson/Maps/ThirdPersonMap.ThirdPersonMap:PersistentLevel.VolumetricCloud_0
 |- Actor Package: /Game/__ExternalActors__/ThirdPerson/Maps/ThirdPersonMap/3/EY/87SHEJN5UBEAN2K5OV1G6R
 |- Actor Path: /Game/ThirdPerson/Maps/ThirdPersonMap.ThirdPersonMap:PersistentLevel.WorldDataLayers
 |- Actor Package: /Game/__ExternalActors__/ThirdPerson/Maps/ThirdPersonMap/0/43/HYQWORMY4JDQ5X3OKZXFLC

----------------------------------------------------------------------------------------------------------------
ThirdPersonMap - Runtime Hash Set
----------------------------------------------------------------------------------------------------------------

